<?xml version="1.0" encoding="UTF-8"?>
<testng-results ignored="0" total="1" passed="1" failed="0" skipped="0">
  <reporter-output>
  </reporter-output>
  <suite started-at="2024-11-10T05:23:56 CET" name="Suite" finished-at="2024-11-10T05:24:12 CET" duration-ms="15575">
    <groups>
    </groups>
    <test started-at="2024-11-10T05:23:56 CET" name="Test" finished-at="2024-11-10T05:24:12 CET" duration-ms="15575">
      <class name="testcases.TC005_Test_ContextMenuePage">
        <test-method is-config="true" signature="setup(java.lang.String,java.lang.String)[pri:0, instance:testcases.TC005_Test_ContextMenuePage@411f53a0]" started-at="2024-11-10T05:23:57 CET" name="setup" finished-at="2024-11-10T05:24:11 CET" duration-ms="14216" status="PASS">
          <params>
            <param index="0">
              <value>
                <![CDATA[windows]]>
              </value>
            </param>
            <param index="1">
              <value>
                <![CDATA[chrome]]>
              </value>
            </param>
          </params>
          <reporter-output>
          </reporter-output>
        </test-method> <!-- setup -->
        <test-method signature="TestContextPage()[pri:0, instance:testcases.TC005_Test_ContextMenuePage@411f53a0]" started-at="2024-11-10T05:24:11 CET" name="TestContextPage" finished-at="2024-11-10T05:24:12 CET" duration-ms="946" status="PASS">
          <reporter-output>
          </reporter-output>
        </test-method> <!-- TestContextPage -->
      </class> <!-- testcases.TC005_Test_ContextMenuePage -->
    </test> <!-- Test -->
  </suite> <!-- Suite -->
</testng-results>
