<?xml version="1.0" encoding="UTF-8"?>
<testng-results ignored="0" total="1" passed="1" failed="0" skipped="0">
  <reporter-output>
  </reporter-output>
  <suite started-at="2024-11-12T12:14:39 CET" name="Suite" finished-at="2024-11-12T12:14:50 CET" duration-ms="11030">
    <groups>
    </groups>
    <test started-at="2024-11-12T12:14:39 CET" name="Test" finished-at="2024-11-12T12:14:50 CET" duration-ms="11030">
      <class name="testcases.TC007_Test_DropDown">
        <test-method is-config="true" signature="setup(java.lang.String,java.lang.String)[pri:0, instance:testcases.TC007_Test_DropDown@5340477f]" started-at="2024-11-12T12:14:39 CET" name="setup" finished-at="2024-11-12T12:14:49 CET" duration-ms="10049" status="PASS">
          <params>
            <param index="0">
              <value>
                <![CDATA[windows]]>
              </value>
            </param>
            <param index="1">
              <value>
                <![CDATA[chrome]]>
              </value>
            </param>
          </params>
          <reporter-output>
          </reporter-output>
        </test-method> <!-- setup -->
        <test-method signature="testDropDownList()[pri:0, instance:testcases.TC007_Test_DropDown@5340477f]" started-at="2024-11-12T12:14:49 CET" name="testDropDownList" finished-at="2024-11-12T12:14:50 CET" duration-ms="639" status="PASS">
          <reporter-output>
          </reporter-output>
        </test-method> <!-- testDropDownList -->
      </class> <!-- testcases.TC007_Test_DropDown -->
    </test> <!-- Test -->
  </suite> <!-- Suite -->
</testng-results>
