<?xml version="1.0" encoding="UTF-8"?>
<testng-results ignored="0" total="1" passed="1" failed="0" skipped="0">
  <reporter-output>
  </reporter-output>
  <suite started-at="2024-11-07T12:34:01 CET" name="Suite" finished-at="2024-11-07T12:34:10 CET" duration-ms="8887">
    <groups>
    </groups>
    <test started-at="2024-11-07T12:34:01 CET" name="Test" finished-at="2024-11-07T12:34:10 CET" duration-ms="8887">
      <class name="testcases.TC005_Test_ContextMenuePage">
        <test-method is-config="true" signature="setup(java.lang.String,java.lang.String)[pri:0, instance:testcases.TC005_Test_ContextMenuePage@5340477f]" started-at="2024-11-07T12:34:01 CET" name="setup" finished-at="2024-11-07T12:34:09 CET" duration-ms="7947" status="PASS">
          <params>
            <param index="0">
              <value>
                <![CDATA[windows]]>
              </value>
            </param>
            <param index="1">
              <value>
                <![CDATA[chrome]]>
              </value>
            </param>
          </params>
          <reporter-output>
          </reporter-output>
        </test-method> <!-- setup -->
        <test-method signature="TestContextPage()[pri:0, instance:testcases.TC005_Test_ContextMenuePage@5340477f]" started-at="2024-11-07T12:34:09 CET" name="TestContextPage" finished-at="2024-11-07T12:34:10 CET" duration-ms="656" status="PASS">
          <reporter-output>
          </reporter-output>
        </test-method> <!-- TestContextPage -->
      </class> <!-- testcases.TC005_Test_ContextMenuePage -->
    </test> <!-- Test -->
  </suite> <!-- Suite -->
</testng-results>
